<?xml version="1.0" encoding="UTF-8"?>
<testsuites name="Cura_TestSuite_LogintoLogout_001" time="163.551" tests="5" failures="0" errors="0">
   <testsuite name="Cura_TestSuite_LogintoLogout_001" tests="5" failures="0" errors="0" time="163.551" skipped="0" timestamp="30-01-2024T15:18:57" hostname="sasi - DESKTOP-R2UIB33" id="Test Suites/CURA_TestSuites/Cura_TestSuite_LogintoLogout_001">
      <properties>
         <property name="deviceName" value=""/>
         <property name="devicePlatform" value=""/>
         <property name="logFolder" value="C:\\Users\\sasi\\Katalon Studio\\Katalon_Automation_Testing_CURA_Project\\Reports\\20240130_151850\\CURA_TestSuites\\Cura_TestSuite_LogintoLogout_001\\20240130_151850"/>
         <property name="logFiles" value="C:\\Users\\sasi\\Katalon Studio\\Katalon_Automation_Testing_CURA_Project\\Reports\\20240130_151850\\CURA_TestSuites\\Cura_TestSuite_LogintoLogout_001\\20240130_151850\\execution0.log"/>
         <property name="attachments" value=""/>
         <property name="hostName" value="sasi - DESKTOP-R2UIB33"/>
         <property name="os" value="Windows 10 64bit"/>
         <property name="katalonVersion" value="9.1.0.212"/>
         <property name="browser" value="Chrome 120.0.0.0"/>
         <property name="hostAddress" value="192.168.1.2"/>
         <property name="sessionId" value="436e445a49c7651047c3237f1260281e"/>
         <property name="seleniumVersion" value="3.141.59"/>
         <property name="proxyInformation" value="ProxyInformation { proxyOption=NO_PROXY, proxyServerType=HTTP, username=, password=********, proxyServerAddress=, proxyServerPort=0, executionList=&quot;&quot;, isApplyToDesiredCapabilities=true }"/>
         <property name="platform" value="Windows 10"/>
      </properties>
      <testcase name="Test Cases/TC_CURA_Login_001" time="32.151" classname="Test Cases/TC_CURA_Login_001" status="PASSED">
         <system-out><![CDATA[30-01-2024T15:18:57 - [TEST_CASE][PASSED] - Test Cases/TC_CURA_Login_001: Test Cases/TC_CURA_Login_001

30-01-2024T15:18:57 - [TEST_STEP][PASSED] - Start listener action : sampleBeforeTestCase: Object: 'Object Repository/Cura Pages/CuraPage_Login_OR/Page_CURA Healthcare Service/a_Make Appointment' is clicked on

30-01-2024T15:18:57 - [TEST_STEP][PASSED] - openBrowser(""): Browser is opened with url: ''

30-01-2024T15:18:57 - [MESSAGE][INFO] - Starting 'Chrome' driver

30-01-2024T15:18:58 - [MESSAGE][INFO] - Action delay is set to 0 milliseconds

30-01-2024T15:19:00 - [MESSAGE][PASSED] - Browser is opened with url: ''

30-01-2024T15:19:00 - [TEST_STEP][PASSED] - navigateToUrl("https://katalon-demo-cura.herokuapp.com/"): Navigate to 'https://katalon-demo-cura.herokuapp.com/' successfully

30-01-2024T15:19:05 - [MESSAGE][PASSED] - Navigate to 'https://katalon-demo-cura.herokuapp.com/' successfully

30-01-2024T15:19:05 - [TEST_STEP][PASSED] - click(findTestObject("Object Repository/Cura Pages/CuraPage_Login_OR/Page_CURA Healthcare Service/a_Make Appointment")): Object: 'Object Repository/Cura Pages/CuraPage_Login_OR/Page_CURA Healthcare Service/a_Make Appointment' is clicked on

30-01-2024T15:19:06 - [MESSAGE][PASSED] - Object: 'Object Repository/Cura Pages/CuraPage_Login_OR/Page_CURA Healthcare Service/a_Make Appointment' is clicked on

30-01-2024T15:19:06 - [TEST_STEP][PASSED] - Start listener action : sampleBeforeTestCase: Object: 'Object Repository/Cura Pages/CuraPage_Login_OR/Page_CURA Healthcare Service/a_Make Appointment' is clicked on

30-01-2024T15:19:06 - [TEST_STEP][PASSED] - openBrowser(""): Browser is opened with url: ''

30-01-2024T15:19:06 - [MESSAGE][WARNING] - A browser is already opened. Closing browser and opening a new one

30-01-2024T15:19:06 - [MESSAGE][INFO] - Starting 'Chrome' driver

30-01-2024T15:19:06 - [MESSAGE][INFO] - Action delay is set to 0 milliseconds

30-01-2024T15:19:07 - [MESSAGE][PASSED] - Browser is opened with url: ''

30-01-2024T15:19:07 - [TEST_STEP][PASSED] - navigateToUrl("https://katalon-demo-cura.herokuapp.com/"): Navigate to 'https://katalon-demo-cura.herokuapp.com/' successfully

30-01-2024T15:19:12 - [MESSAGE][PASSED] - Navigate to 'https://katalon-demo-cura.herokuapp.com/' successfully

30-01-2024T15:19:12 - [TEST_STEP][PASSED] - click(findTestObject("Object Repository/Cura Pages/CuraPage_Login_OR/Page_CURA Healthcare Service/a_Make Appointment")): Object: 'Object Repository/Cura Pages/CuraPage_Login_OR/Page_CURA Healthcare Service/a_Make Appointment' is clicked on

30-01-2024T15:19:13 - [MESSAGE][PASSED] - Object: 'Object Repository/Cura Pages/CuraPage_Login_OR/Page_CURA Healthcare Service/a_Make Appointment' is clicked on

30-01-2024T15:19:13 - [TEST_STEP][PASSED] - Start listener action : sampleBeforeTestCase: Object: 'Object Repository/Cura Pages/CuraPage_Login_OR/Page_CURA Healthcare Service/a_Make Appointment' is clicked on

30-01-2024T15:19:13 - [TEST_STEP][PASSED] - openBrowser(""): Browser is opened with url: ''

30-01-2024T15:19:13 - [MESSAGE][WARNING] - A browser is already opened. Closing browser and opening a new one

30-01-2024T15:19:13 - [MESSAGE][INFO] - Starting 'Chrome' driver

30-01-2024T15:19:13 - [MESSAGE][INFO] - Action delay is set to 0 milliseconds

30-01-2024T15:19:15 - [MESSAGE][PASSED] - Browser is opened with url: ''

30-01-2024T15:19:15 - [TEST_STEP][PASSED] - navigateToUrl("https://katalon-demo-cura.herokuapp.com/"): Navigate to 'https://katalon-demo-cura.herokuapp.com/' successfully

30-01-2024T15:19:19 - [MESSAGE][PASSED] - Navigate to 'https://katalon-demo-cura.herokuapp.com/' successfully

30-01-2024T15:19:19 - [TEST_STEP][PASSED] - click(findTestObject("Object Repository/Cura Pages/CuraPage_Login_OR/Page_CURA Healthcare Service/a_Make Appointment")): Object: 'Object Repository/Cura Pages/CuraPage_Login_OR/Page_CURA Healthcare Service/a_Make Appointment' is clicked on

30-01-2024T15:19:20 - [MESSAGE][PASSED] - Object: 'Object Repository/Cura Pages/CuraPage_Login_OR/Page_CURA Healthcare Service/a_Make Appointment' is clicked on

30-01-2024T15:19:20 - [TEST_STEP][PASSED] - openBrowser(""): Browser is opened with url: ''

30-01-2024T15:19:20 - [MESSAGE][WARNING] - A browser is already opened. Closing browser and opening a new one

30-01-2024T15:19:21 - [MESSAGE][INFO] - Starting 'Chrome' driver

30-01-2024T15:19:21 - [MESSAGE][INFO] - Action delay is set to 0 milliseconds

30-01-2024T15:19:21 - [MESSAGE][PASSED] - Browser is opened with url: ''

30-01-2024T15:19:21 - [TEST_STEP][PASSED] - navigateToUrl("https://katalon-demo-cura.herokuapp.com/"): Navigate to 'https://katalon-demo-cura.herokuapp.com/' successfully

30-01-2024T15:19:26 - [MESSAGE][PASSED] - Navigate to 'https://katalon-demo-cura.herokuapp.com/' successfully

30-01-2024T15:19:26 - [TEST_STEP][PASSED] - click(findTestObject("Object Repository/Cura Pages/CuraPage_Login_OR/Page_CURA Healthcare Service/a_Make Appointment")): Object: 'Object Repository/Cura Pages/CuraPage_Login_OR/Page_CURA Healthcare Service/a_Make Appointment' is clicked on

30-01-2024T15:19:26 - [MESSAGE][PASSED] - Object: 'Object Repository/Cura Pages/CuraPage_Login_OR/Page_CURA Healthcare Service/a_Make Appointment' is clicked on

30-01-2024T15:19:26 - [TEST_STEP][PASSED] - setText(findTestObject("Object Repository/Cura Pages/CuraPage_Login_OR/Page_CURA Healthcare Service/input_username"), UserName): Text 'John Doe' is set on object 'Object Repository/Cura Pages/CuraPage_Login_OR/Page_CURA Healthcare Service/input_username'

30-01-2024T15:19:27 - [MESSAGE][PASSED] - Text 'John Doe' is set on object 'Object Repository/Cura Pages/CuraPage_Login_OR/Page_CURA Healthcare Service/input_username'

30-01-2024T15:19:27 - [TEST_STEP][PASSED] - setText(findTestObject("Object Repository/Cura Pages/CuraPage_Login_OR/Page_CURA Healthcare Service/input_password"), Password): Text 'ThisIsNotAPassword' is set on object 'Object Repository/Cura Pages/CuraPage_Login_OR/Page_CURA Healthcare Service/input_password'

30-01-2024T15:19:28 - [MESSAGE][PASSED] - Text 'ThisIsNotAPassword' is set on object 'Object Repository/Cura Pages/CuraPage_Login_OR/Page_CURA Healthcare Service/input_password'

30-01-2024T15:19:28 - [TEST_STEP][PASSED] - click(findTestObject("Object Repository/Cura Pages/CuraPage_Login_OR/Page_CURA Healthcare Service/button_Login")): Object: 'Object Repository/Cura Pages/CuraPage_Login_OR/Page_CURA Healthcare Service/button_Login' is clicked on

30-01-2024T15:19:29 - [MESSAGE][PASSED] - Object: 'Object Repository/Cura Pages/CuraPage_Login_OR/Page_CURA Healthcare Service/button_Login' is clicked on

30-01-2024T15:19:29 - [TEST_STEP][PASSED] - Start listener action : sampleAfterTestCase: Browser is closed

30-01-2024T15:19:29 - [TEST_STEP][PASSED] - closeBrowser(): Browser is closed

30-01-2024T15:19:29 - [MESSAGE][PASSED] - Browser is closed

30-01-2024T15:19:29 - [TEST_STEP][PASSED] - Start listener action : sampleAfterTestCase: Browser is closed

30-01-2024T15:19:29 - [TEST_STEP][PASSED] - closeBrowser(): Browser is closed

30-01-2024T15:19:29 - [MESSAGE][PASSED] - Browser is closed

30-01-2024T15:19:29 - [TEST_STEP][PASSED] - Start listener action : sampleAfterTestCase: Browser is closed

30-01-2024T15:19:29 - [TEST_STEP][PASSED] - closeBrowser(): Browser is closed

30-01-2024T15:19:29 - [MESSAGE][PASSED] - Browser is closed]]></system-out>
         <system-err><![CDATA[]]></system-err>
      </testcase>
      <testcase name="Test Cases/TC_CURA_MakeAppointment_validation_002" time="40.128" classname="Test Cases/TC_CURA_MakeAppointment_validation_002" status="PASSED">
         <system-out><![CDATA[30-01-2024T15:19:29 - [TEST_CASE][PASSED] - Test Cases/TC_CURA_MakeAppointment_validation_002: Test Cases/TC_CURA_MakeAppointment_validation_002

30-01-2024T15:19:29 - [TEST_STEP][PASSED] - Start listener action : sampleBeforeTestCase: Object: 'Object Repository/Cura Pages/CuraPage_Login_OR/Page_CURA Healthcare Service/a_Make Appointment' is clicked on

30-01-2024T15:19:29 - [TEST_STEP][PASSED] - openBrowser(""): Browser is opened with url: ''

30-01-2024T15:19:29 - [MESSAGE][INFO] - Starting 'Chrome' driver

30-01-2024T15:19:29 - [MESSAGE][INFO] - Action delay is set to 0 milliseconds

30-01-2024T15:19:30 - [MESSAGE][PASSED] - Browser is opened with url: ''

30-01-2024T15:19:30 - [TEST_STEP][PASSED] - navigateToUrl("https://katalon-demo-cura.herokuapp.com/"): Navigate to 'https://katalon-demo-cura.herokuapp.com/' successfully

30-01-2024T15:19:35 - [MESSAGE][PASSED] - Navigate to 'https://katalon-demo-cura.herokuapp.com/' successfully

30-01-2024T15:19:35 - [TEST_STEP][PASSED] - click(findTestObject("Object Repository/Cura Pages/CuraPage_Login_OR/Page_CURA Healthcare Service/a_Make Appointment")): Object: 'Object Repository/Cura Pages/CuraPage_Login_OR/Page_CURA Healthcare Service/a_Make Appointment' is clicked on

30-01-2024T15:19:36 - [MESSAGE][PASSED] - Object: 'Object Repository/Cura Pages/CuraPage_Login_OR/Page_CURA Healthcare Service/a_Make Appointment' is clicked on

30-01-2024T15:19:36 - [TEST_STEP][PASSED] - Start listener action : sampleBeforeTestCase: Object: 'Object Repository/Cura Pages/CuraPage_Login_OR/Page_CURA Healthcare Service/a_Make Appointment' is clicked on

30-01-2024T15:19:36 - [TEST_STEP][PASSED] - openBrowser(""): Browser is opened with url: ''

30-01-2024T15:19:36 - [MESSAGE][WARNING] - A browser is already opened. Closing browser and opening a new one

30-01-2024T15:19:36 - [MESSAGE][INFO] - Starting 'Chrome' driver

30-01-2024T15:19:36 - [MESSAGE][INFO] - Action delay is set to 0 milliseconds

30-01-2024T15:19:37 - [MESSAGE][PASSED] - Browser is opened with url: ''

30-01-2024T15:19:37 - [TEST_STEP][PASSED] - navigateToUrl("https://katalon-demo-cura.herokuapp.com/"): Navigate to 'https://katalon-demo-cura.herokuapp.com/' successfully

30-01-2024T15:19:42 - [MESSAGE][PASSED] - Navigate to 'https://katalon-demo-cura.herokuapp.com/' successfully

30-01-2024T15:19:42 - [TEST_STEP][PASSED] - click(findTestObject("Object Repository/Cura Pages/CuraPage_Login_OR/Page_CURA Healthcare Service/a_Make Appointment")): Object: 'Object Repository/Cura Pages/CuraPage_Login_OR/Page_CURA Healthcare Service/a_Make Appointment' is clicked on

30-01-2024T15:19:43 - [MESSAGE][PASSED] - Object: 'Object Repository/Cura Pages/CuraPage_Login_OR/Page_CURA Healthcare Service/a_Make Appointment' is clicked on

30-01-2024T15:19:43 - [TEST_STEP][PASSED] - Start listener action : sampleBeforeTestCase: Object: 'Object Repository/Cura Pages/CuraPage_Login_OR/Page_CURA Healthcare Service/a_Make Appointment' is clicked on

30-01-2024T15:19:43 - [TEST_STEP][PASSED] - openBrowser(""): Browser is opened with url: ''

30-01-2024T15:19:43 - [MESSAGE][WARNING] - A browser is already opened. Closing browser and opening a new one

30-01-2024T15:19:43 - [MESSAGE][INFO] - Starting 'Chrome' driver

30-01-2024T15:19:43 - [MESSAGE][INFO] - Action delay is set to 0 milliseconds

30-01-2024T15:19:43 - [MESSAGE][PASSED] - Browser is opened with url: ''

30-01-2024T15:19:43 - [TEST_STEP][PASSED] - navigateToUrl("https://katalon-demo-cura.herokuapp.com/"): Navigate to 'https://katalon-demo-cura.herokuapp.com/' successfully

30-01-2024T15:19:48 - [MESSAGE][PASSED] - Navigate to 'https://katalon-demo-cura.herokuapp.com/' successfully

30-01-2024T15:19:48 - [TEST_STEP][PASSED] - click(findTestObject("Object Repository/Cura Pages/CuraPage_Login_OR/Page_CURA Healthcare Service/a_Make Appointment")): Object: 'Object Repository/Cura Pages/CuraPage_Login_OR/Page_CURA Healthcare Service/a_Make Appointment' is clicked on

30-01-2024T15:19:49 - [MESSAGE][PASSED] - Object: 'Object Repository/Cura Pages/CuraPage_Login_OR/Page_CURA Healthcare Service/a_Make Appointment' is clicked on

30-01-2024T15:19:49 - [TEST_STEP][PASSED] - callTestCase(findTestCase("Test Cases/TC_CURA_Login_001"), ["UserName":"John Doe", "Password":"ThisIsNotAPassword"], STOP_ON_FAILURE): Call Test Case 'Test Cases/TC_CURA_Login_001' successfully

30-01-2024T15:19:50 - [TEST_CASE][PASSED] - Test Cases/TC_CURA_Login_001: Test Cases/TC_CURA_Login_001

30-01-2024T15:19:50 - [TEST_STEP][PASSED] - openBrowser(""): Browser is opened with url: ''

30-01-2024T15:19:50 - [MESSAGE][WARNING] - A browser is already opened. Closing browser and opening a new one

30-01-2024T15:19:50 - [MESSAGE][INFO] - Starting 'Chrome' driver

30-01-2024T15:19:50 - [MESSAGE][INFO] - Action delay is set to 0 milliseconds

30-01-2024T15:19:51 - [MESSAGE][PASSED] - Browser is opened with url: ''

30-01-2024T15:19:51 - [TEST_STEP][PASSED] - navigateToUrl("https://katalon-demo-cura.herokuapp.com/"): Navigate to 'https://katalon-demo-cura.herokuapp.com/' successfully

30-01-2024T15:19:55 - [MESSAGE][PASSED] - Navigate to 'https://katalon-demo-cura.herokuapp.com/' successfully

30-01-2024T15:19:55 - [TEST_STEP][PASSED] - click(findTestObject("Object Repository/Cura Pages/CuraPage_Login_OR/Page_CURA Healthcare Service/a_Make Appointment")): Object: 'Object Repository/Cura Pages/CuraPage_Login_OR/Page_CURA Healthcare Service/a_Make Appointment' is clicked on

30-01-2024T15:19:56 - [MESSAGE][PASSED] - Object: 'Object Repository/Cura Pages/CuraPage_Login_OR/Page_CURA Healthcare Service/a_Make Appointment' is clicked on

30-01-2024T15:19:56 - [TEST_STEP][PASSED] - setText(findTestObject("Object Repository/Cura Pages/CuraPage_Login_OR/Page_CURA Healthcare Service/input_username"), UserName): Text 'John Doe' is set on object 'Object Repository/Cura Pages/CuraPage_Login_OR/Page_CURA Healthcare Service/input_username'

30-01-2024T15:19:57 - [MESSAGE][PASSED] - Text 'John Doe' is set on object 'Object Repository/Cura Pages/CuraPage_Login_OR/Page_CURA Healthcare Service/input_username'

30-01-2024T15:19:57 - [TEST_STEP][PASSED] - setText(findTestObject("Object Repository/Cura Pages/CuraPage_Login_OR/Page_CURA Healthcare Service/input_password"), Password): Text 'ThisIsNotAPassword' is set on object 'Object Repository/Cura Pages/CuraPage_Login_OR/Page_CURA Healthcare Service/input_password'

30-01-2024T15:19:58 - [MESSAGE][PASSED] - Text 'ThisIsNotAPassword' is set on object 'Object Repository/Cura Pages/CuraPage_Login_OR/Page_CURA Healthcare Service/input_password'

30-01-2024T15:19:58 - [TEST_STEP][PASSED] - click(findTestObject("Object Repository/Cura Pages/CuraPage_Login_OR/Page_CURA Healthcare Service/button_Login")): Object: 'Object Repository/Cura Pages/CuraPage_Login_OR/Page_CURA Healthcare Service/button_Login' is clicked on

30-01-2024T15:19:59 - [MESSAGE][PASSED] - Object: 'Object Repository/Cura Pages/CuraPage_Login_OR/Page_CURA Healthcare Service/button_Login' is clicked on

30-01-2024T15:19:59 - [MESSAGE][PASSED] - Call Test Case 'Test Cases/TC_CURA_Login_001' successfully

30-01-2024T15:19:59 - [TEST_STEP][PASSED] - selectOptionByValue(findTestObject("Object Repository/Page_CURA Healthcare Service/select_Tokyo CURA Healthcare Center        _5b4107"), "Hongkong CURA Healthcare Center", true): All options with value 'Hongkong CURA Healthcare Center' are selected in object 'Object Repository/Page_CURA Healthcare Service/select_Tokyo CURA Healthcare Center        _5b4107'  using regular expression

30-01-2024T15:20:00 - [MESSAGE][PASSED] - All options with value 'Hongkong CURA Healthcare Center' are selected in object 'Object Repository/Page_CURA Healthcare Service/select_Tokyo CURA Healthcare Center        _5b4107'  using regular expression

30-01-2024T15:20:00 - [TEST_STEP][PASSED] - verifyOptionSelectedByValue(findTestObject("Object Repository/Page_CURA Healthcare Service/select_Tokyo CURA Healthcare Center        _5b4107"), "Hongkong CURA Healthcare Center", false, 20): All options with value 'Hongkong CURA Healthcare Center' are selected in object 'Object Repository/Page_CURA Healthcare Service/select_Tokyo CURA Healthcare Center        _5b4107' 

30-01-2024T15:20:01 - [MESSAGE][PASSED] - All options with value 'Hongkong CURA Healthcare Center' are selected in object 'Object Repository/Page_CURA Healthcare Service/select_Tokyo CURA Healthcare Center        _5b4107' 

30-01-2024T15:20:01 - [TEST_STEP][PASSED] - com.example.WebUICustomKeywords.printHello(): com.example.WebUICustomKeywords.printHello is PASSED

30-01-2024T15:20:01 - [MESSAGE][PASSED] - com.example.WebUICustomKeywords.printHello is PASSED

30-01-2024T15:20:01 - [TEST_STEP][PASSED] - unchecked = verifyElementNotChecked(findTestObject("Object Repository/Page_CURA Healthcare Service/input_hospital_readmission"), 0): Object 'Object Repository/Page_CURA Healthcare Service/input_hospital_readmission' is not checked

30-01-2024T15:20:01 - [MESSAGE][WARNING] - Timeout '0' is invalid. Using default page load timeout: '30'

30-01-2024T15:20:01 - [MESSAGE][PASSED] - Object 'Object Repository/Page_CURA Healthcare Service/input_hospital_readmission' is not checked

30-01-2024T15:20:01 - [TEST_STEP][PASSED] - if (unchecked == true): null

30-01-2024T15:20:01 - [TEST_STEP][PASSED] - out.println("element uncheckeck"): null

30-01-2024T15:20:01 - [TEST_STEP][PASSED] - check(findTestObject("Object Repository/Page_CURA Healthcare Service/input_hospital_readmission")): Object 'Object Repository/Page_CURA Healthcare Service/input_hospital_readmission' is checked

30-01-2024T15:20:02 - [MESSAGE][PASSED] - Object 'Object Repository/Page_CURA Healthcare Service/input_hospital_readmission' is checked

30-01-2024T15:20:02 - [TEST_STEP][PASSED] - out.println("element checkeck"): null

30-01-2024T15:20:02 - [TEST_STEP][PASSED] - delay(3): Delayed 3 second(s)

30-01-2024T15:20:05 - [MESSAGE][PASSED] - Delayed 3 second(s)

30-01-2024T15:20:05 - [TEST_STEP][PASSED] - verifyElementChecked(findTestObject("Object Repository/Page_CURA Healthcare Service/input_hospital_readmission"), 0): Object 'Object Repository/Page_CURA Healthcare Service/input_hospital_readmission' is checked

30-01-2024T15:20:05 - [MESSAGE][WARNING] - Timeout '0' is invalid. Using default page load timeout: '30'

30-01-2024T15:20:05 - [MESSAGE][PASSED] - Object 'Object Repository/Page_CURA Healthcare Service/input_hospital_readmission' is checked

30-01-2024T15:20:05 - [TEST_STEP][PASSED] - click(findTestObject("Object Repository/Page_CURA Healthcare Service/input_programs")): Object: 'Object Repository/Page_CURA Healthcare Service/input_programs' is clicked on

30-01-2024T15:20:05 - [MESSAGE][PASSED] - Object: 'Object Repository/Page_CURA Healthcare Service/input_programs' is clicked on

30-01-2024T15:20:05 - [TEST_STEP][PASSED] - check(findTestObject("Object Repository/Page_CURA Healthcare Service/input_programs")): Object 'Object Repository/Page_CURA Healthcare Service/input_programs' is checked

30-01-2024T15:20:06 - [MESSAGE][PASSED] - Object 'Object Repository/Page_CURA Healthcare Service/input_programs' is checked

30-01-2024T15:20:06 - [TEST_STEP][PASSED] - verifyElementChecked(findTestObject("Object Repository/Page_CURA Healthcare Service/input_programs"), 30): Object 'Object Repository/Page_CURA Healthcare Service/input_programs' is checked

30-01-2024T15:20:06 - [MESSAGE][PASSED] - Object 'Object Repository/Page_CURA Healthcare Service/input_programs' is checked

30-01-2024T15:20:06 - [TEST_STEP][PASSED] - click(findTestObject("Object Repository/Page_CURA Healthcare Service/span_glyphicon glyphicon-calendar")): Object: 'Object Repository/Page_CURA Healthcare Service/span_glyphicon glyphicon-calendar' is clicked on

30-01-2024T15:20:06 - [MESSAGE][PASSED] - Object: 'Object Repository/Page_CURA Healthcare Service/span_glyphicon glyphicon-calendar' is clicked on

30-01-2024T15:20:06 - [TEST_STEP][PASSED] - click(findTestObject("Object Repository/Page_CURA Healthcare Service/td_16")): Object: 'Object Repository/Page_CURA Healthcare Service/td_16' is clicked on

30-01-2024T15:20:07 - [MESSAGE][PASSED] - Object: 'Object Repository/Page_CURA Healthcare Service/td_16' is clicked on

30-01-2024T15:20:07 - [TEST_STEP][PASSED] - click(findTestObject("Object Repository/Page_CURA Healthcare Service/button_Book Appointment")): Object: 'Object Repository/Page_CURA Healthcare Service/button_Book Appointment' is clicked on

30-01-2024T15:20:08 - [MESSAGE][PASSED] - Object: 'Object Repository/Page_CURA Healthcare Service/button_Book Appointment' is clicked on

30-01-2024T15:20:08 - [TEST_STEP][PASSED] - click(findTestObject("Object Repository/Page_CURA Healthcare Service/h2_Appointment Confirmation")): Object: 'Object Repository/Page_CURA Healthcare Service/h2_Appointment Confirmation' is clicked on

30-01-2024T15:20:08 - [MESSAGE][PASSED] - Object: 'Object Repository/Page_CURA Healthcare Service/h2_Appointment Confirmation' is clicked on

30-01-2024T15:20:08 - [TEST_STEP][PASSED] - click(findTestObject("Object Repository/Page_CURA Healthcare Service/a_Go to Homepage")): Object: 'Object Repository/Page_CURA Healthcare Service/a_Go to Homepage' is clicked on

30-01-2024T15:20:09 - [MESSAGE][PASSED] - Object: 'Object Repository/Page_CURA Healthcare Service/a_Go to Homepage' is clicked on

30-01-2024T15:20:09 - [TEST_STEP][PASSED] - Start listener action : sampleAfterTestCase: Browser is closed

30-01-2024T15:20:09 - [TEST_STEP][PASSED] - closeBrowser(): Browser is closed

30-01-2024T15:20:09 - [MESSAGE][PASSED] - Browser is closed

30-01-2024T15:20:09 - [TEST_STEP][PASSED] - Start listener action : sampleAfterTestCase: Browser is closed

30-01-2024T15:20:09 - [TEST_STEP][PASSED] - closeBrowser(): Browser is closed

30-01-2024T15:20:09 - [MESSAGE][PASSED] - Browser is closed

30-01-2024T15:20:09 - [TEST_STEP][PASSED] - Start listener action : sampleAfterTestCase: Browser is closed

30-01-2024T15:20:09 - [TEST_STEP][PASSED] - closeBrowser(): Browser is closed

30-01-2024T15:20:09 - [MESSAGE][PASSED] - Browser is closed]]></system-out>
         <system-err><![CDATA[]]></system-err>
      </testcase>
      <testcase name="Test Cases/TC_CURA_VerifyTitle_003" time="25.176" classname="Test Cases/TC_CURA_VerifyTitle_003" status="PASSED">
         <system-out><![CDATA[30-01-2024T15:20:09 - [TEST_CASE][PASSED] - Test Cases/TC_CURA_VerifyTitle_003: Test Cases/TC_CURA_VerifyTitle_003

30-01-2024T15:20:09 - [TEST_STEP][PASSED] - Start listener action : sampleBeforeTestCase: Object: 'Object Repository/Cura Pages/CuraPage_Login_OR/Page_CURA Healthcare Service/a_Make Appointment' is clicked on

30-01-2024T15:20:09 - [TEST_STEP][PASSED] - openBrowser(""): Browser is opened with url: ''

30-01-2024T15:20:09 - [MESSAGE][INFO] - Starting 'Chrome' driver

30-01-2024T15:20:09 - [MESSAGE][INFO] - Action delay is set to 0 milliseconds

30-01-2024T15:20:10 - [MESSAGE][PASSED] - Browser is opened with url: ''

30-01-2024T15:20:10 - [TEST_STEP][PASSED] - navigateToUrl("https://katalon-demo-cura.herokuapp.com/"): Navigate to 'https://katalon-demo-cura.herokuapp.com/' successfully

30-01-2024T15:20:15 - [MESSAGE][PASSED] - Navigate to 'https://katalon-demo-cura.herokuapp.com/' successfully

30-01-2024T15:20:15 - [TEST_STEP][PASSED] - click(findTestObject("Object Repository/Cura Pages/CuraPage_Login_OR/Page_CURA Healthcare Service/a_Make Appointment")): Object: 'Object Repository/Cura Pages/CuraPage_Login_OR/Page_CURA Healthcare Service/a_Make Appointment' is clicked on

30-01-2024T15:20:16 - [MESSAGE][PASSED] - Object: 'Object Repository/Cura Pages/CuraPage_Login_OR/Page_CURA Healthcare Service/a_Make Appointment' is clicked on

30-01-2024T15:20:16 - [TEST_STEP][PASSED] - Start listener action : sampleBeforeTestCase: Object: 'Object Repository/Cura Pages/CuraPage_Login_OR/Page_CURA Healthcare Service/a_Make Appointment' is clicked on

30-01-2024T15:20:16 - [TEST_STEP][PASSED] - openBrowser(""): Browser is opened with url: ''

30-01-2024T15:20:16 - [MESSAGE][WARNING] - A browser is already opened. Closing browser and opening a new one

30-01-2024T15:20:16 - [MESSAGE][INFO] - Starting 'Chrome' driver

30-01-2024T15:20:16 - [MESSAGE][INFO] - Action delay is set to 0 milliseconds

30-01-2024T15:20:16 - [MESSAGE][PASSED] - Browser is opened with url: ''

30-01-2024T15:20:16 - [TEST_STEP][PASSED] - navigateToUrl("https://katalon-demo-cura.herokuapp.com/"): Navigate to 'https://katalon-demo-cura.herokuapp.com/' successfully

30-01-2024T15:20:21 - [MESSAGE][PASSED] - Navigate to 'https://katalon-demo-cura.herokuapp.com/' successfully

30-01-2024T15:20:21 - [TEST_STEP][PASSED] - click(findTestObject("Object Repository/Cura Pages/CuraPage_Login_OR/Page_CURA Healthcare Service/a_Make Appointment")): Object: 'Object Repository/Cura Pages/CuraPage_Login_OR/Page_CURA Healthcare Service/a_Make Appointment' is clicked on

30-01-2024T15:20:22 - [MESSAGE][PASSED] - Object: 'Object Repository/Cura Pages/CuraPage_Login_OR/Page_CURA Healthcare Service/a_Make Appointment' is clicked on

30-01-2024T15:20:22 - [TEST_STEP][PASSED] - Start listener action : sampleBeforeTestCase: Object: 'Object Repository/Cura Pages/CuraPage_Login_OR/Page_CURA Healthcare Service/a_Make Appointment' is clicked on

30-01-2024T15:20:22 - [TEST_STEP][PASSED] - openBrowser(""): Browser is opened with url: ''

30-01-2024T15:20:22 - [MESSAGE][WARNING] - A browser is already opened. Closing browser and opening a new one

30-01-2024T15:20:22 - [MESSAGE][INFO] - Starting 'Chrome' driver

30-01-2024T15:20:22 - [MESSAGE][INFO] - Action delay is set to 0 milliseconds

30-01-2024T15:20:23 - [MESSAGE][PASSED] - Browser is opened with url: ''

30-01-2024T15:20:23 - [TEST_STEP][PASSED] - navigateToUrl("https://katalon-demo-cura.herokuapp.com/"): Navigate to 'https://katalon-demo-cura.herokuapp.com/' successfully

30-01-2024T15:20:28 - [MESSAGE][PASSED] - Navigate to 'https://katalon-demo-cura.herokuapp.com/' successfully

30-01-2024T15:20:28 - [TEST_STEP][PASSED] - click(findTestObject("Object Repository/Cura Pages/CuraPage_Login_OR/Page_CURA Healthcare Service/a_Make Appointment")): Object: 'Object Repository/Cura Pages/CuraPage_Login_OR/Page_CURA Healthcare Service/a_Make Appointment' is clicked on

30-01-2024T15:20:29 - [MESSAGE][PASSED] - Object: 'Object Repository/Cura Pages/CuraPage_Login_OR/Page_CURA Healthcare Service/a_Make Appointment' is clicked on

30-01-2024T15:20:29 - [TEST_STEP][PASSED] - openBrowser("https://katalon-demo-cura.herokuapp.com/"): Browser is opened with url: 'https://katalon-demo-cura.herokuapp.com/'

30-01-2024T15:20:29 - [MESSAGE][WARNING] - A browser is already opened. Closing browser and opening a new one

30-01-2024T15:20:29 - [MESSAGE][INFO] - Starting 'Chrome' driver

30-01-2024T15:20:29 - [MESSAGE][INFO] - Action delay is set to 0 milliseconds

30-01-2024T15:20:34 - [MESSAGE][PASSED] - Browser is opened with url: 'https://katalon-demo-cura.herokuapp.com/'

30-01-2024T15:20:34 - [TEST_STEP][PASSED] - waitForPageLoad(5, STOP_ON_FAILURE): Wait for page load successfully

30-01-2024T15:20:34 - [MESSAGE][PASSED] - Wait for page load successfully

30-01-2024T15:20:34 - [TEST_STEP][PASSED] - title = getWindowTitle(): Current window's title is: 'CURA Healthcare Service'

30-01-2024T15:20:34 - [MESSAGE][PASSED] - Current window's title is: 'CURA Healthcare Service'

30-01-2024T15:20:34 - [TEST_STEP][PASSED] - out.println(title): null

30-01-2024T15:20:34 - [TEST_STEP][PASSED] - Result = verifyMatch(title, "CURA Healthcare Service", false): Actual text 'CURA Healthcare Service' and expected text 'CURA Healthcare Service' are matched 

30-01-2024T15:20:34 - [MESSAGE][PASSED] - Actual text 'CURA Healthcare Service' and expected text 'CURA Healthcare Service' are matched 

30-01-2024T15:20:34 - [TEST_STEP][PASSED] - if (Result == true): null

30-01-2024T15:20:34 - [TEST_STEP][PASSED] - out.println("Title matched"): null

30-01-2024T15:20:34 - [TEST_STEP][PASSED] - closeBrowser(): Browser is closed

30-01-2024T15:20:35 - [MESSAGE][PASSED] - Browser is closed

30-01-2024T15:20:35 - [TEST_STEP][PASSED] - Start listener action : sampleAfterTestCase: Browser is closed

30-01-2024T15:20:35 - [TEST_STEP][PASSED] - closeBrowser(): Browser is closed

30-01-2024T15:20:35 - [MESSAGE][PASSED] - Browser is closed

30-01-2024T15:20:35 - [TEST_STEP][PASSED] - Start listener action : sampleAfterTestCase: Browser is closed

30-01-2024T15:20:35 - [TEST_STEP][PASSED] - closeBrowser(): Browser is closed

30-01-2024T15:20:35 - [MESSAGE][PASSED] - Browser is closed

30-01-2024T15:20:35 - [TEST_STEP][PASSED] - Start listener action : sampleAfterTestCase: Browser is closed

30-01-2024T15:20:35 - [TEST_STEP][PASSED] - closeBrowser(): Browser is closed

30-01-2024T15:20:35 - [MESSAGE][PASSED] - Browser is closed]]></system-out>
         <system-err><![CDATA[]]></system-err>
      </testcase>
      <testcase name="Test Cases/TC_CURA_Logout_004" time="31.302" classname="Test Cases/TC_CURA_Logout_004" status="PASSED">
         <system-out><![CDATA[30-01-2024T15:20:35 - [TEST_CASE][PASSED] - Test Cases/TC_CURA_Logout_004: Test Cases/TC_CURA_Logout_004

30-01-2024T15:20:35 - [TEST_STEP][PASSED] - Start listener action : sampleBeforeTestCase: Object: 'Object Repository/Cura Pages/CuraPage_Login_OR/Page_CURA Healthcare Service/a_Make Appointment' is clicked on

30-01-2024T15:20:35 - [TEST_STEP][PASSED] - openBrowser(""): Browser is opened with url: ''

30-01-2024T15:20:35 - [MESSAGE][INFO] - Starting 'Chrome' driver

30-01-2024T15:20:35 - [MESSAGE][INFO] - Action delay is set to 0 milliseconds

30-01-2024T15:20:35 - [MESSAGE][PASSED] - Browser is opened with url: ''

30-01-2024T15:20:35 - [TEST_STEP][PASSED] - navigateToUrl("https://katalon-demo-cura.herokuapp.com/"): Navigate to 'https://katalon-demo-cura.herokuapp.com/' successfully

30-01-2024T15:20:40 - [MESSAGE][PASSED] - Navigate to 'https://katalon-demo-cura.herokuapp.com/' successfully

30-01-2024T15:20:40 - [TEST_STEP][PASSED] - click(findTestObject("Object Repository/Cura Pages/CuraPage_Login_OR/Page_CURA Healthcare Service/a_Make Appointment")): Object: 'Object Repository/Cura Pages/CuraPage_Login_OR/Page_CURA Healthcare Service/a_Make Appointment' is clicked on

30-01-2024T15:20:41 - [MESSAGE][PASSED] - Object: 'Object Repository/Cura Pages/CuraPage_Login_OR/Page_CURA Healthcare Service/a_Make Appointment' is clicked on

30-01-2024T15:20:41 - [TEST_STEP][PASSED] - Start listener action : sampleBeforeTestCase: Object: 'Object Repository/Cura Pages/CuraPage_Login_OR/Page_CURA Healthcare Service/a_Make Appointment' is clicked on

30-01-2024T15:20:41 - [TEST_STEP][PASSED] - openBrowser(""): Browser is opened with url: ''

30-01-2024T15:20:41 - [MESSAGE][WARNING] - A browser is already opened. Closing browser and opening a new one

30-01-2024T15:20:41 - [MESSAGE][INFO] - Starting 'Chrome' driver

30-01-2024T15:20:41 - [MESSAGE][INFO] - Action delay is set to 0 milliseconds

30-01-2024T15:20:42 - [MESSAGE][PASSED] - Browser is opened with url: ''

30-01-2024T15:20:42 - [TEST_STEP][PASSED] - navigateToUrl("https://katalon-demo-cura.herokuapp.com/"): Navigate to 'https://katalon-demo-cura.herokuapp.com/' successfully

30-01-2024T15:20:47 - [MESSAGE][PASSED] - Navigate to 'https://katalon-demo-cura.herokuapp.com/' successfully

30-01-2024T15:20:47 - [TEST_STEP][PASSED] - click(findTestObject("Object Repository/Cura Pages/CuraPage_Login_OR/Page_CURA Healthcare Service/a_Make Appointment")): Object: 'Object Repository/Cura Pages/CuraPage_Login_OR/Page_CURA Healthcare Service/a_Make Appointment' is clicked on

30-01-2024T15:20:48 - [MESSAGE][PASSED] - Object: 'Object Repository/Cura Pages/CuraPage_Login_OR/Page_CURA Healthcare Service/a_Make Appointment' is clicked on

30-01-2024T15:20:48 - [TEST_STEP][PASSED] - Start listener action : sampleBeforeTestCase: Object: 'Object Repository/Cura Pages/CuraPage_Login_OR/Page_CURA Healthcare Service/a_Make Appointment' is clicked on

30-01-2024T15:20:48 - [TEST_STEP][PASSED] - openBrowser(""): Browser is opened with url: ''

30-01-2024T15:20:48 - [MESSAGE][WARNING] - A browser is already opened. Closing browser and opening a new one

30-01-2024T15:20:48 - [MESSAGE][INFO] - Starting 'Chrome' driver

30-01-2024T15:20:48 - [MESSAGE][INFO] - Action delay is set to 0 milliseconds

30-01-2024T15:20:49 - [MESSAGE][PASSED] - Browser is opened with url: ''

30-01-2024T15:20:49 - [TEST_STEP][PASSED] - navigateToUrl("https://katalon-demo-cura.herokuapp.com/"): Navigate to 'https://katalon-demo-cura.herokuapp.com/' successfully

30-01-2024T15:20:53 - [MESSAGE][PASSED] - Navigate to 'https://katalon-demo-cura.herokuapp.com/' successfully

30-01-2024T15:20:53 - [TEST_STEP][PASSED] - click(findTestObject("Object Repository/Cura Pages/CuraPage_Login_OR/Page_CURA Healthcare Service/a_Make Appointment")): Object: 'Object Repository/Cura Pages/CuraPage_Login_OR/Page_CURA Healthcare Service/a_Make Appointment' is clicked on

30-01-2024T15:20:54 - [MESSAGE][PASSED] - Object: 'Object Repository/Cura Pages/CuraPage_Login_OR/Page_CURA Healthcare Service/a_Make Appointment' is clicked on

30-01-2024T15:20:54 - [TEST_STEP][PASSED] - callTestCase(findTestCase("Test Cases/TC_CURA_Login_001"), ["UserName":"John Doe", "Password":"ThisIsNotAPassword"], STOP_ON_FAILURE): Call Test Case 'Test Cases/TC_CURA_Login_001' successfully

30-01-2024T15:20:54 - [TEST_CASE][PASSED] - Test Cases/TC_CURA_Login_001: Test Cases/TC_CURA_Login_001

30-01-2024T15:20:54 - [TEST_STEP][PASSED] - openBrowser(""): Browser is opened with url: ''

30-01-2024T15:20:54 - [MESSAGE][WARNING] - A browser is already opened. Closing browser and opening a new one

30-01-2024T15:20:54 - [MESSAGE][INFO] - Starting 'Chrome' driver

30-01-2024T15:20:54 - [MESSAGE][INFO] - Action delay is set to 0 milliseconds

30-01-2024T15:20:55 - [MESSAGE][PASSED] - Browser is opened with url: ''

30-01-2024T15:20:55 - [TEST_STEP][PASSED] - navigateToUrl("https://katalon-demo-cura.herokuapp.com/"): Navigate to 'https://katalon-demo-cura.herokuapp.com/' successfully

30-01-2024T15:21:01 - [MESSAGE][PASSED] - Navigate to 'https://katalon-demo-cura.herokuapp.com/' successfully

30-01-2024T15:21:01 - [TEST_STEP][PASSED] - click(findTestObject("Object Repository/Cura Pages/CuraPage_Login_OR/Page_CURA Healthcare Service/a_Make Appointment")): Object: 'Object Repository/Cura Pages/CuraPage_Login_OR/Page_CURA Healthcare Service/a_Make Appointment' is clicked on

30-01-2024T15:21:01 - [MESSAGE][PASSED] - Object: 'Object Repository/Cura Pages/CuraPage_Login_OR/Page_CURA Healthcare Service/a_Make Appointment' is clicked on

30-01-2024T15:21:01 - [TEST_STEP][PASSED] - setText(findTestObject("Object Repository/Cura Pages/CuraPage_Login_OR/Page_CURA Healthcare Service/input_username"), UserName): Text 'John Doe' is set on object 'Object Repository/Cura Pages/CuraPage_Login_OR/Page_CURA Healthcare Service/input_username'

30-01-2024T15:21:02 - [MESSAGE][PASSED] - Text 'John Doe' is set on object 'Object Repository/Cura Pages/CuraPage_Login_OR/Page_CURA Healthcare Service/input_username'

30-01-2024T15:21:02 - [TEST_STEP][PASSED] - setText(findTestObject("Object Repository/Cura Pages/CuraPage_Login_OR/Page_CURA Healthcare Service/input_password"), Password): Text 'ThisIsNotAPassword' is set on object 'Object Repository/Cura Pages/CuraPage_Login_OR/Page_CURA Healthcare Service/input_password'

30-01-2024T15:21:03 - [MESSAGE][PASSED] - Text 'ThisIsNotAPassword' is set on object 'Object Repository/Cura Pages/CuraPage_Login_OR/Page_CURA Healthcare Service/input_password'

30-01-2024T15:21:03 - [TEST_STEP][PASSED] - click(findTestObject("Object Repository/Cura Pages/CuraPage_Login_OR/Page_CURA Healthcare Service/button_Login")): Object: 'Object Repository/Cura Pages/CuraPage_Login_OR/Page_CURA Healthcare Service/button_Login' is clicked on

30-01-2024T15:21:04 - [MESSAGE][PASSED] - Object: 'Object Repository/Cura Pages/CuraPage_Login_OR/Page_CURA Healthcare Service/button_Login' is clicked on

30-01-2024T15:21:04 - [MESSAGE][PASSED] - Call Test Case 'Test Cases/TC_CURA_Login_001' successfully

30-01-2024T15:21:04 - [TEST_STEP][PASSED] - click(findTestObject("Object Repository/Cura Pages/CURA_Logout/Page_CURA Healthcare Service/i_fa fa-bars")): Object: 'Object Repository/Cura Pages/CURA_Logout/Page_CURA Healthcare Service/i_fa fa-bars' is clicked on

30-01-2024T15:21:04 - [MESSAGE][PASSED] - Object: 'Object Repository/Cura Pages/CURA_Logout/Page_CURA Healthcare Service/i_fa fa-bars' is clicked on

30-01-2024T15:21:04 - [TEST_STEP][PASSED] - click(findTestObject("Object Repository/Cura Pages/CURA_Logout/Page_CURA Healthcare Service/a_Logout")): Object: 'Object Repository/Cura Pages/CURA_Logout/Page_CURA Healthcare Service/a_Logout' is clicked on

30-01-2024T15:21:05 - [MESSAGE][PASSED] - Object: 'Object Repository/Cura Pages/CURA_Logout/Page_CURA Healthcare Service/a_Logout' is clicked on

30-01-2024T15:21:05 - [TEST_STEP][PASSED] - res = verifyTextPresent("CURA Healthcare Service", false): Text 'CURA Healthcare Service' is present on page 

30-01-2024T15:21:06 - [MESSAGE][PASSED] - Text 'CURA Healthcare Service' is present on page 

30-01-2024T15:21:06 - [TEST_STEP][PASSED] - if (res == true): null

30-01-2024T15:21:06 - [TEST_STEP][PASSED] - out.println("Logout successfull"): null

30-01-2024T15:21:06 - [TEST_STEP][PASSED] - Start listener action : sampleAfterTestCase: Browser is closed

30-01-2024T15:21:06 - [TEST_STEP][PASSED] - closeBrowser(): Browser is closed

30-01-2024T15:21:06 - [MESSAGE][PASSED] - Browser is closed

30-01-2024T15:21:06 - [TEST_STEP][PASSED] - Start listener action : sampleAfterTestCase: Browser is closed

30-01-2024T15:21:06 - [TEST_STEP][PASSED] - closeBrowser(): Browser is closed

30-01-2024T15:21:06 - [MESSAGE][PASSED] - Browser is closed

30-01-2024T15:21:06 - [TEST_STEP][PASSED] - Start listener action : sampleAfterTestCase: Browser is closed

30-01-2024T15:21:06 - [TEST_STEP][PASSED] - closeBrowser(): Browser is closed

30-01-2024T15:21:06 - [MESSAGE][PASSED] - Browser is closed]]></system-out>
         <system-err><![CDATA[]]></system-err>
      </testcase>
      <testcase name="Test Cases/TC_CURA_History_005" time="34.514" classname="Test Cases/TC_CURA_History_005" status="PASSED">
         <system-out><![CDATA[30-01-2024T15:21:06 - [TEST_CASE][PASSED] - Test Cases/TC_CURA_History_005: Test Cases/TC_CURA_History_005

30-01-2024T15:21:06 - [TEST_STEP][PASSED] - Start listener action : sampleBeforeTestCase: Object: 'Object Repository/Cura Pages/CuraPage_Login_OR/Page_CURA Healthcare Service/a_Make Appointment' is clicked on

30-01-2024T15:21:06 - [TEST_STEP][PASSED] - openBrowser(""): Browser is opened with url: ''

30-01-2024T15:21:06 - [MESSAGE][INFO] - Starting 'Chrome' driver

30-01-2024T15:21:06 - [MESSAGE][INFO] - Action delay is set to 0 milliseconds

30-01-2024T15:21:07 - [MESSAGE][PASSED] - Browser is opened with url: ''

30-01-2024T15:21:07 - [TEST_STEP][PASSED] - navigateToUrl("https://katalon-demo-cura.herokuapp.com/"): Navigate to 'https://katalon-demo-cura.herokuapp.com/' successfully

30-01-2024T15:21:11 - [MESSAGE][PASSED] - Navigate to 'https://katalon-demo-cura.herokuapp.com/' successfully

30-01-2024T15:21:11 - [TEST_STEP][PASSED] - click(findTestObject("Object Repository/Cura Pages/CuraPage_Login_OR/Page_CURA Healthcare Service/a_Make Appointment")): Object: 'Object Repository/Cura Pages/CuraPage_Login_OR/Page_CURA Healthcare Service/a_Make Appointment' is clicked on

30-01-2024T15:21:12 - [MESSAGE][PASSED] - Object: 'Object Repository/Cura Pages/CuraPage_Login_OR/Page_CURA Healthcare Service/a_Make Appointment' is clicked on

30-01-2024T15:21:12 - [TEST_STEP][PASSED] - Start listener action : sampleBeforeTestCase: Object: 'Object Repository/Cura Pages/CuraPage_Login_OR/Page_CURA Healthcare Service/a_Make Appointment' is clicked on

30-01-2024T15:21:12 - [TEST_STEP][PASSED] - openBrowser(""): Browser is opened with url: ''

30-01-2024T15:21:12 - [MESSAGE][WARNING] - A browser is already opened. Closing browser and opening a new one

30-01-2024T15:21:12 - [MESSAGE][INFO] - Starting 'Chrome' driver

30-01-2024T15:21:12 - [MESSAGE][INFO] - Action delay is set to 0 milliseconds

30-01-2024T15:21:13 - [MESSAGE][PASSED] - Browser is opened with url: ''

30-01-2024T15:21:13 - [TEST_STEP][PASSED] - navigateToUrl("https://katalon-demo-cura.herokuapp.com/"): Navigate to 'https://katalon-demo-cura.herokuapp.com/' successfully

30-01-2024T15:21:18 - [MESSAGE][PASSED] - Navigate to 'https://katalon-demo-cura.herokuapp.com/' successfully

30-01-2024T15:21:18 - [TEST_STEP][PASSED] - click(findTestObject("Object Repository/Cura Pages/CuraPage_Login_OR/Page_CURA Healthcare Service/a_Make Appointment")): Object: 'Object Repository/Cura Pages/CuraPage_Login_OR/Page_CURA Healthcare Service/a_Make Appointment' is clicked on

30-01-2024T15:21:19 - [MESSAGE][PASSED] - Object: 'Object Repository/Cura Pages/CuraPage_Login_OR/Page_CURA Healthcare Service/a_Make Appointment' is clicked on

30-01-2024T15:21:19 - [TEST_STEP][PASSED] - Start listener action : sampleBeforeTestCase: Object: 'Object Repository/Cura Pages/CuraPage_Login_OR/Page_CURA Healthcare Service/a_Make Appointment' is clicked on

30-01-2024T15:21:19 - [TEST_STEP][PASSED] - openBrowser(""): Browser is opened with url: ''

30-01-2024T15:21:19 - [MESSAGE][WARNING] - A browser is already opened. Closing browser and opening a new one

30-01-2024T15:21:19 - [MESSAGE][INFO] - Starting 'Chrome' driver

30-01-2024T15:21:19 - [MESSAGE][INFO] - Action delay is set to 0 milliseconds

30-01-2024T15:21:20 - [MESSAGE][PASSED] - Browser is opened with url: ''

30-01-2024T15:21:20 - [TEST_STEP][PASSED] - navigateToUrl("https://katalon-demo-cura.herokuapp.com/"): Navigate to 'https://katalon-demo-cura.herokuapp.com/' successfully

30-01-2024T15:21:25 - [MESSAGE][PASSED] - Navigate to 'https://katalon-demo-cura.herokuapp.com/' successfully

30-01-2024T15:21:25 - [TEST_STEP][PASSED] - click(findTestObject("Object Repository/Cura Pages/CuraPage_Login_OR/Page_CURA Healthcare Service/a_Make Appointment")): Object: 'Object Repository/Cura Pages/CuraPage_Login_OR/Page_CURA Healthcare Service/a_Make Appointment' is clicked on

30-01-2024T15:21:25 - [MESSAGE][PASSED] - Object: 'Object Repository/Cura Pages/CuraPage_Login_OR/Page_CURA Healthcare Service/a_Make Appointment' is clicked on

30-01-2024T15:21:25 - [TEST_STEP][PASSED] - openBrowser(""): Browser is opened with url: ''

30-01-2024T15:21:25 - [MESSAGE][WARNING] - A browser is already opened. Closing browser and opening a new one

30-01-2024T15:21:26 - [MESSAGE][INFO] - Starting 'Chrome' driver

30-01-2024T15:21:26 - [MESSAGE][INFO] - Action delay is set to 0 milliseconds

30-01-2024T15:21:27 - [MESSAGE][PASSED] - Browser is opened with url: ''

30-01-2024T15:21:27 - [TEST_STEP][PASSED] - navigateToUrl("https://katalon-demo-cura.herokuapp.com/"): Navigate to 'https://katalon-demo-cura.herokuapp.com/' successfully

30-01-2024T15:21:31 - [MESSAGE][PASSED] - Navigate to 'https://katalon-demo-cura.herokuapp.com/' successfully

30-01-2024T15:21:31 - [TEST_STEP][PASSED] - click(findTestObject("Object Repository/Cura_MakeAppointment/Page_CURA Healthcare Service/a_Make Appointment")): Object: 'Object Repository/Cura_MakeAppointment/Page_CURA Healthcare Service/a_Make Appointment' is clicked on

30-01-2024T15:21:32 - [MESSAGE][PASSED] - Object: 'Object Repository/Cura_MakeAppointment/Page_CURA Healthcare Service/a_Make Appointment' is clicked on

30-01-2024T15:21:32 - [TEST_STEP][PASSED] - click(findTestObject("Object Repository/Cura_MakeAppointment/Page_CURA Healthcare Service/input_form-control")): Object: 'Object Repository/Cura_MakeAppointment/Page_CURA Healthcare Service/input_form-control' is clicked on

30-01-2024T15:21:32 - [MESSAGE][PASSED] - Object: 'Object Repository/Cura_MakeAppointment/Page_CURA Healthcare Service/input_form-control' is clicked on

30-01-2024T15:21:32 - [TEST_STEP][PASSED] - setText(findTestObject("Object Repository/Cura_MakeAppointment/Page_CURA Healthcare Service/input_username"), UserName): Text 'John Doe' is set on object 'Object Repository/Cura_MakeAppointment/Page_CURA Healthcare Service/input_username'

30-01-2024T15:21:33 - [MESSAGE][PASSED] - Text 'John Doe' is set on object 'Object Repository/Cura_MakeAppointment/Page_CURA Healthcare Service/input_username'

30-01-2024T15:21:33 - [TEST_STEP][PASSED] - setText(findTestObject("Object Repository/Cura_MakeAppointment/Page_CURA Healthcare Service/input_password"), Password): Text 'ThisIsNotAPassword' is set on object 'Object Repository/Cura_MakeAppointment/Page_CURA Healthcare Service/input_password'

30-01-2024T15:21:34 - [MESSAGE][PASSED] - Text 'ThisIsNotAPassword' is set on object 'Object Repository/Cura_MakeAppointment/Page_CURA Healthcare Service/input_password'

30-01-2024T15:21:34 - [TEST_STEP][PASSED] - click(findTestObject("Object Repository/Cura_MakeAppointment/Page_CURA Healthcare Service/button_Login")): Object: 'Object Repository/Cura_MakeAppointment/Page_CURA Healthcare Service/button_Login' is clicked on

30-01-2024T15:21:35 - [MESSAGE][PASSED] - Object: 'Object Repository/Cura_MakeAppointment/Page_CURA Healthcare Service/button_Login' is clicked on

30-01-2024T15:21:35 - [TEST_STEP][PASSED] - click(findTestObject("Object Repository/Cura_MakeAppointment/Page_CURA Healthcare Service/input_hospital_readmission")): Object: 'Object Repository/Cura_MakeAppointment/Page_CURA Healthcare Service/input_hospital_readmission' is clicked on

30-01-2024T15:21:35 - [MESSAGE][PASSED] - Object: 'Object Repository/Cura_MakeAppointment/Page_CURA Healthcare Service/input_hospital_readmission' is clicked on

30-01-2024T15:21:35 - [TEST_STEP][PASSED] - click(findTestObject("Object Repository/Cura_MakeAppointment/Page_CURA Healthcare Service/input_programs")): Object: 'Object Repository/Cura_MakeAppointment/Page_CURA Healthcare Service/input_programs' is clicked on

30-01-2024T15:21:36 - [MESSAGE][PASSED] - Object: 'Object Repository/Cura_MakeAppointment/Page_CURA Healthcare Service/input_programs' is clicked on

30-01-2024T15:21:36 - [TEST_STEP][PASSED] - click(findTestObject("Object Repository/Cura_MakeAppointment/Page_CURA Healthcare Service/span_glyphicon glyphicon-calendar")): Object: 'Object Repository/Cura_MakeAppointment/Page_CURA Healthcare Service/span_glyphicon glyphicon-calendar' is clicked on

30-01-2024T15:21:36 - [MESSAGE][PASSED] - Object: 'Object Repository/Cura_MakeAppointment/Page_CURA Healthcare Service/span_glyphicon glyphicon-calendar' is clicked on

30-01-2024T15:21:36 - [TEST_STEP][PASSED] - click(findTestObject("Object Repository/Cura_MakeAppointment/Page_CURA Healthcare Service/td_18")): Object: 'Object Repository/Cura_MakeAppointment/Page_CURA Healthcare Service/td_18' is clicked on

30-01-2024T15:21:36 - [MESSAGE][PASSED] - Object: 'Object Repository/Cura_MakeAppointment/Page_CURA Healthcare Service/td_18' is clicked on

30-01-2024T15:21:36 - [TEST_STEP][PASSED] - click(findTestObject("Object Repository/Cura_MakeAppointment/Page_CURA Healthcare Service/button_Book Appointment")): Object: 'Object Repository/Cura_MakeAppointment/Page_CURA Healthcare Service/button_Book Appointment' is clicked on

30-01-2024T15:21:38 - [MESSAGE][PASSED] - Object: 'Object Repository/Cura_MakeAppointment/Page_CURA Healthcare Service/button_Book Appointment' is clicked on

30-01-2024T15:21:38 - [TEST_STEP][PASSED] - click(findTestObject("Object Repository/Cura_MakeAppointment/Page_CURA Healthcare Service/i_fa fa-bars")): Object: 'Object Repository/Cura_MakeAppointment/Page_CURA Healthcare Service/i_fa fa-bars' is clicked on

30-01-2024T15:21:39 - [MESSAGE][PASSED] - Object: 'Object Repository/Cura_MakeAppointment/Page_CURA Healthcare Service/i_fa fa-bars' is clicked on

30-01-2024T15:21:39 - [TEST_STEP][PASSED] - click(findTestObject("Object Repository/Cura_MakeAppointment/Page_CURA Healthcare Service/a_History")): Object: 'Object Repository/Cura_MakeAppointment/Page_CURA Healthcare Service/a_History' is clicked on

30-01-2024T15:21:39 - [MESSAGE][PASSED] - Object: 'Object Repository/Cura_MakeAppointment/Page_CURA Healthcare Service/a_History' is clicked on

30-01-2024T15:21:39 - [TEST_STEP][PASSED] - click(findTestObject("Object Repository/Cura_MakeAppointment/Page_CURA Healthcare Service/a_Go to Homepage")): Object: 'Object Repository/Cura_MakeAppointment/Page_CURA Healthcare Service/a_Go to Homepage' is clicked on

30-01-2024T15:21:40 - [MESSAGE][PASSED] - Object: 'Object Repository/Cura_MakeAppointment/Page_CURA Healthcare Service/a_Go to Homepage' is clicked on

30-01-2024T15:21:40 - [TEST_STEP][PASSED] - closeBrowser(): Browser is closed

30-01-2024T15:21:40 - [MESSAGE][PASSED] - Browser is closed

30-01-2024T15:21:40 - [TEST_STEP][PASSED] - Start listener action : sampleAfterTestCase: Browser is closed

30-01-2024T15:21:40 - [TEST_STEP][PASSED] - closeBrowser(): Browser is closed

30-01-2024T15:21:40 - [MESSAGE][PASSED] - Browser is closed

30-01-2024T15:21:40 - [TEST_STEP][PASSED] - Start listener action : sampleAfterTestCase: Browser is closed

30-01-2024T15:21:40 - [TEST_STEP][PASSED] - closeBrowser(): Browser is closed

30-01-2024T15:21:40 - [MESSAGE][PASSED] - Browser is closed

30-01-2024T15:21:40 - [TEST_STEP][PASSED] - Start listener action : sampleAfterTestCase: Browser is closed

30-01-2024T15:21:40 - [TEST_STEP][PASSED] - closeBrowser(): Browser is closed

30-01-2024T15:21:40 - [MESSAGE][PASSED] - Browser is closed]]></system-out>
         <system-err><![CDATA[]]></system-err>
      </testcase>
      <system-out><![CDATA[30-01-2024T15:18:57 - [TEST_SUITE][PASSED] - Cura_TestSuite_LogintoLogout_001: Test Cases/TC_CURA_History_005]]></system-out>
      <system-err><![CDATA[]]></system-err>
   </testsuite>
</testsuites>
